#
# There is insufficient memory for the Java Runtime Environment to continue.
# Native memory allocation (mmap) failed to map 125829120 bytes for Failed to commit area from 0x0000000088200000 to 0x000000008fa00000 of length 125829120.
# Possible reasons:
#   The system is out of physical RAM or swap space
#   The process is running with CompressedOops enabled, and the Java Heap may be blocking the growth of the native heap
# Possible solutions:
#   Reduce memory load on the system
#   Increase physical memory or swap space
#   Check if swap backing store is full
#   Decrease Java heap size (-Xmx/-Xms)
#   Decrease number of Java threads
#   Decrease Java thread stack sizes (-Xss)
#   Set larger code cache with -XX:ReservedCodeCacheSize=
# This output file may be truncated or incomplete.
#
#  Out of Memory Error (t:/workspace/open/src/hotspot/os/windows/os_windows.cpp:3271), pid=16496, tid=19096
#
# JRE version:  (11.0.6+8) (build )
# Java VM: Java HotSpot(TM) 64-Bit Server VM (11.0.6+8-LTS, mixed mode, sharing, tiered, compressed oops, g1 gc, windows-amd64)
# No core dump will be written. Minidumps are not enabled by default on client versions of Windows
#

---------------  S U M M A R Y ------------

Command Line: -Dfile.encoding=Cp1252 GuiAdder

Host: Intel(R) Core(TM) i5-7200U CPU @ 2.50GHz, 4 cores, 7G,  Windows 10 , 64 bit Build 18362 (10.0.18362.329)
Time: Mon Jun  1 09:48:34 2020 India Standard Time elapsed time: 0 seconds (0d 0h 0m 0s)

---------------  T H R E A D  ---------------

Current thread (0x000002af99813800):  JavaThread "Unknown thread" [_thread_in_vm, id=19096, stack(0x000000b717700000,0x000000b717800000)]

Stack: [0x000000b717700000,0x000000b717800000]
Native frames: (J=compiled Java code, j=interpreted, Vv=VM code, C=native code)
V  [jvm.dll+0x63679a]
V  [jvm.dll+0x7755bf]
V  [jvm.dll+0x776c65]
V  [jvm.dll+0x7772d3]
V  [jvm.dll+0x25e7f8]
V  [jvm.dll+0x633c4a]
V  [jvm.dll+0x628625]
V  [jvm.dll+0x314a7c]
V  [jvm.dll+0x314902]
V  [jvm.dll+0x31a176]
V  [jvm.dll+0x36650f]
V  [jvm.dll+0x365f30]
V  [jvm.dll+0x2f1a78]
V  [jvm.dll+0x2f2bf6]
V  [jvm.dll+0x74e707]
V  [jvm.dll+0x74fe7f]
V  [jvm.dll+0x373349]
V  [jvm.dll+0x734e5e]
V  [jvm.dll+0x3e2b5d]
V  [jvm.dll+0x3e4ef1]
C  [javaw.exe+0x3617]
C  [javaw.exe+0x17e2c]
C  [KERNEL32.DLL+0x17bd4]
C  [ntdll.dll+0x6ced1]


---------------  P R O C E S S  ---------------

Threads class SMR info:
_java_thread_list=0x000002af97587570, length=0, elements={
}

Java Threads: ( => current thread )

Other Threads:
  0x000002af9982a800 GCTaskThread "GC Thread#0" [stack: 0x000000b717800000,0x000000b717900000] [id=23372]
  0x000002af9985a000 ConcurrentGCThread "G1 Main Marker" [stack: 0x000000b717900000,0x000000b717a00000] [id=22304]
  0x000002af99861000 ConcurrentGCThread "G1 Conc#0" [stack: 0x000000b717a00000,0x000000b717b00000] [id=4176]

[error occurred during error reporting (printing all threads), id 0xc0000005, EXCEPTION_ACCESS_VIOLATION (0xc0000005) at pc=0x00007ffae7d10207]

VM state:not at safepoint (not fully initialized)

VM Mutex/Monitor currently owned by a thread:  ([mutex/lock_event])
[0x000002af998102b0] Heap_lock - owner thread: 0x000002af99813800

Heap address: 0x0000000088200000, size: 1918 MB, Compressed Oops mode: Non-zero based: 0x0000000088200000
Narrow klass base: 0x0000000000000000, Narrow klass shift: 0

GC Heap History (0 events):
No events

Deoptimization events (0 events):
No events

Classes redefined (0 events):
No events

Internal exceptions (0 events):
No events

Events (0 events):
No events


Dynamic libraries:
0x00007ff718980000 - 0x00007ff7189c7000 	C:\Program Files\Java\jdk-11.0.6\bin\javaw.exe
0x00007ffb1c620000 - 0x00007ffb1c810000 	C:\WINDOWS\SYSTEM32\ntdll.dll
0x00007ffb1bc10000 - 0x00007ffb1bcc2000 	C:\WINDOWS\System32\KERNEL32.DLL
0x00007ffb1a420000 - 0x00007ffb1a6c3000 	C:\WINDOWS\System32\KERNELBASE.dll
0x00007ffb16c40000 - 0x00007ffb16ccf000 	C:\WINDOWS\SYSTEM32\apphelp.dll
0x00007ffb1b880000 - 0x00007ffb1b923000 	C:\WINDOWS\System32\ADVAPI32.dll
0x00007ffb1af10000 - 0x00007ffb1afae000 	C:\WINDOWS\System32\msvcrt.dll
0x00007ffb1c540000 - 0x00007ffb1c5d7000 	C:\WINDOWS\System32\sechost.dll
0x00007ffb1c3c0000 - 0x00007ffb1c4e0000 	C:\WINDOWS\System32\RPCRT4.dll
0x00007ffb1b630000 - 0x00007ffb1b7c4000 	C:\WINDOWS\System32\USER32.dll
0x00007ffb1a370000 - 0x00007ffb1a391000 	C:\WINDOWS\System32\win32u.dll
0x00007ffb1ab70000 - 0x00007ffb1ab96000 	C:\WINDOWS\System32\GDI32.dll
0x00007ffb1a1d0000 - 0x00007ffb1a364000 	C:\WINDOWS\System32\gdi32full.dll
0x00007ffb19fe0000 - 0x00007ffb1a07e000 	C:\WINDOWS\System32\msvcp_win.dll
0x00007ffb195b0000 - 0x00007ffb196aa000 	C:\WINDOWS\System32\ucrtbase.dll
0x00007ffb090d0000 - 0x00007ffb09355000 	C:\WINDOWS\WinSxS\amd64_microsoft.windows.common-controls_6595b64144ccf1df_6.0.18362.720_none_e6beb5c51314836b\COMCTL32.dll
0x00007ffb10e30000 - 0x00007ffb10e3a000 	C:\WINDOWS\SYSTEM32\VERSION.dll
0x00007ffb1afb0000 - 0x00007ffb1b2e6000 	C:\WINDOWS\System32\combase.dll
0x00007ffb1a3a0000 - 0x00007ffb1a420000 	C:\WINDOWS\System32\bcryptPrimitives.dll
0x00007ffb1ab40000 - 0x00007ffb1ab6e000 	C:\WINDOWS\System32\IMM32.DLL
0x00007ffb0a190000 - 0x00007ffb0a1a6000 	C:\Program Files\Java\jdk-11.0.6\bin\vcruntime140.dll
0x00007ffaecf90000 - 0x00007ffaed03a000 	C:\Program Files\Java\jdk-11.0.6\bin\msvcp140.dll
0x00007ffae7a10000 - 0x00007ffae8539000 	C:\Program Files\Java\jdk-11.0.6\bin\server\jvm.dll
0x00007ffb1b5b0000 - 0x00007ffb1b5b8000 	C:\WINDOWS\System32\PSAPI.DLL
0x00007ffb04510000 - 0x00007ffb04519000 	C:\WINDOWS\SYSTEM32\WSOCK32.dll
0x00007ffb15460000 - 0x00007ffb15484000 	C:\WINDOWS\SYSTEM32\WINMM.dll
0x00007ffb1add0000 - 0x00007ffb1ae3f000 	C:\WINDOWS\System32\WS2_32.dll
0x00007ffb14f30000 - 0x00007ffb14f5d000 	C:\WINDOWS\SYSTEM32\WINMMBASE.dll
0x00007ffb1a080000 - 0x00007ffb1a0ca000 	C:\WINDOWS\System32\cfgmgr32.dll
0x00007ffb19570000 - 0x00007ffb19581000 	C:\WINDOWS\System32\kernel.appcore.dll
0x00007ffb0a9d0000 - 0x00007ffb0a9e1000 	C:\Program Files\Java\jdk-11.0.6\bin\verify.dll
0x00007ffb180e0000 - 0x00007ffb182d4000 	C:\WINDOWS\SYSTEM32\DBGHELP.DLL
0x00007ffb03fa0000 - 0x00007ffb03fca000 	C:\WINDOWS\SYSTEM32\dbgcore.DLL
0x00007ffb09b80000 - 0x00007ffb09ba9000 	C:\Program Files\Java\jdk-11.0.6\bin\java.dll
0x00007ffb09b60000 - 0x00007ffb09b76000 	C:\Program Files\Java\jdk-11.0.6\bin\zip.dll
0x00007ffb120f0000 - 0x00007ffb120fa000 	C:\Program Files\Java\jdk-11.0.6\bin\jimage.dll

dbghelp: loaded successfully - version: 4.0.5 - missing functions: none
symbol engine: initialized successfully - sym options: 0x614 - pdb path: .;C:\Program Files\Java\jdk-11.0.6\bin;C:\WINDOWS\SYSTEM32;C:\WINDOWS\WinSxS\amd64_microsoft.windows.common-controls_6595b64144ccf1df_6.0.18362.720_none_e6beb5c51314836b;C:\Program Files\Java\jdk-11.0.6\bin\server

VM Arguments:
jvm_args: -Dfile.encoding=Cp1252 
java_command: GuiAdder
java_class_path (initial): D:\myworkspace\PDFtoXML\target\classes;C:\Users\Win 10\.m2\repository\org\apache\pdfbox\pdfbox-tools\2.0.15\pdfbox-tools-2.0.15.jar;C:\Users\Win 10\.m2\repository\org\apache\pdfbox\pdfbox-debugger\2.0.15\pdfbox-debugger-2.0.15.jar;C:\Users\Win 10\.m2\repository\org\apache\pdfbox\pdfbox\2.0.15\pdfbox-2.0.15.jar;C:\Users\Win 10\.m2\repository\org\apache\pdfbox\fontbox\2.0.15\fontbox-2.0.15.jar;C:\Users\Win 10\.m2\repository\commons-logging\commons-logging\1.2\commons-logging-1.2.jar
Launcher Type: SUN_STANDARD

[Global flags]
     intx CICompilerCount                          = 3                                         {product} {ergonomic}
     uint ConcGCThreads                            = 1                                         {product} {ergonomic}
     uint G1ConcRefinementThreads                  = 4                                         {product} {ergonomic}
   size_t G1HeapRegionSize                         = 1048576                                   {product} {ergonomic}
    uintx GCDrainStackTargetSize                   = 64                                        {product} {ergonomic}
   size_t InitialHeapSize                          = 125829120                                 {product} {ergonomic}
   size_t MarkStackSize                            = 4194304                                   {product} {ergonomic}
   size_t MaxHeapSize                              = 2011168768                                {product} {ergonomic}
   size_t MinHeapDeltaBytes                        = 1048576                                   {product} {ergonomic}
    uintx NonNMethodCodeHeapSize                   = 5830732                                {pd product} {ergonomic}
    uintx NonProfiledCodeHeapSize                  = 122913754                              {pd product} {ergonomic}
    uintx ProfiledCodeHeapSize                     = 122913754                              {pd product} {ergonomic}
    uintx ReservedCodeCacheSize                    = 251658240                              {pd product} {ergonomic}
     bool SegmentedCodeCache                       = true                                      {product} {ergonomic}
     bool UseCompressedClassPointers               = true                                 {lp64_product} {ergonomic}
     bool UseCompressedOops                        = true                                 {lp64_product} {ergonomic}
     bool UseG1GC                                  = true                                      {product} {ergonomic}
     bool UseLargePagesIndividualAllocation        = false                                  {pd product} {ergonomic}

Logging:
Log output configuration:
 #0: stdout all=warning uptime,level,tags
 #1: stderr all=off uptime,level,tags

Environment Variables:
CLASSPATH=D:\ExternalJars\jackson-databind-2.3.2.jar;D:\ExternalJars\jackson-core-2.3.2.jar;D:\ExternalJars\jackson-datatype-jsr310-2.3.2.jar;D:\ExternalJars\jackson-annotations-2.3.2.jar;D:\ExternalJars\json-20180130.jar;D:\ExternalJars\mysql-connector-java-8.0.19.jar;
PATH=C:/Program Files/Java/jdk-11.0.6/bin/server;C:/Program Files/Java/jdk-11.0.6/bin;C:\Program Files\Java\jdk-11.0.6\bin;C:\WINDOWS\system32;C:\WINDOWS;C:\WINDOWS\System32\Wbem;C:\WINDOWS\System32\WindowsPowerShell\v1.0\;C:\WINDOWS\System32\OpenSSH\;C:\Program Files\PuTTY\;C:\Program Files\dotnet\;C:\Program Files\Microsoft SQL Server\130\Tools\Binn\;C:\Program Files\Microsoft SQL Server\Client SDK\ODBC\170\Tools\Binn\;C:\Program Files\Git\cmd;C:\Program Files\Git\mingw64\bin;C:\Program Files\Git\usr\bin;C:\Program Files (x86)\Microsoft Visual Studio\Shared\Python37_64;C:\Users\Win 10\AppData\Local\Microsoft\WindowsApps;C:\Program Files\Microsoft VS Code\bin;C:\Users\Win 10\AppData\Local\GitHubDesktop\bin;C:\Users\Win 10\AppData\Local\Microsoft\WindowsApps;;C:\WINDOWS\system32;
USERNAME=Win 10
OS=Windows_NT
PROCESSOR_IDENTIFIER=Intel64 Family 6 Model 142 Stepping 9, GenuineIntel



---------------  S Y S T E M  ---------------

OS: Windows 10 , 64 bit Build 18362 (10.0.18362.329)

CPU:total 4 (initial active 4) (2 cores per cpu, 2 threads per core) family 6 model 142 stepping 9, cmov, cx8, fxsr, mmx, sse, sse2, sse3, ssse3, sse4.1, sse4.2, popcnt, avx, avx2, aes, clmul, erms, 3dnowpref, lzcnt, ht, tsc, tscinvbit, bmi1, bmi2, adx, fma

Memory: 4k page, system-wide physical 7670M (844M free)
TotalPageFile size 20092M (AvailPageFile size 76M)
current process WorkingSet (physical memory assigned to process): 10M, peak: 10M
current process commit charge ("private bytes"): 51M, peak: 171M

vm_info: Java HotSpot(TM) 64-Bit Server VM (11.0.6+8-LTS) for windows-amd64 JRE (11.0.6+8-LTS), built on Dec 11 2019 09:17:57 by "mach5one" with MS VC++ 15.5 (VS2017)

END.
